<?xml version="1.0" encoding="UTF-8"?>
<!-- Generated by org.testng.reporters.JUnitXMLReporter -->
<testsuite ignored="0" hostname="Raghu" failures="0" tests="19" name="MyTestResults" time="77.897" errors="0" timestamp="2021-11-11T23:01:45 IST">
  <testcase classname="testng.DataProviderSample" name="f" time="6.449"/>
  <testcase classname="testng.DataProviderSample" name="f" time="6.446"/>
  <testcase classname="testng.DataProviderSample" name="f" time="6.433"/>
  <testcase classname="testng.DataProviderSample" name="f" time="6.538"/>
  <testcase classname="testng.Fb_login2_validation" name="LoginFBappplication" time="6.449"/>
  <testcase classname="testng.PrioritySample" name="c" time="0.006"/>
  <testcase classname="testng.PrioritySample" name="z" time="0.0"/>
  <testcase classname="testng.PrioritySample" name="abc" time="0.005"/>
  <testcase classname="testng.PrioritySample" name="h" time="0.0"/>
  <testcase classname="testng.FB_Login" name="tc_001_validateloginbutton" time="0.072"/>
  <testcase classname="testng.FB_Login" name="tc_002_loginfbapplication" time="0.357"/>
  <testcase classname="testng.AnnotationSampleTwo" name="abc" time="0.005"/>
  <testcase classname="testng.AnnotationSampleTwo" name="f" time="0.003"/>
  <testcase classname="testng.AnnotationSampleTwo" name="z" time="0.002"/>
  <testcase classname="testng.AnnotationsOne" name="abc" time="0.002"/>
  <testcase classname="testng.AnnotationsOne" name="c" time="0.002"/>
  <testcase classname="testng.AnnotationsOne" name="h" time="0.0"/>
  <testcase classname="testng.AnnotationsOne" name="z" time="0.0"/>
  <testcase classname="testng.NewTest" name="f" time="27.987"/>
</testsuite> <!-- MyTestResults -->
