<?xml version="1.0" encoding="UTF-8"?>
<!-- Generated by org.testng.reporters.JUnitXMLReporter -->
<testsuite ignored="0" hostname="Raghu" failures="0" tests="2" name="firfoxTestResults" time="5.245" errors="0" timestamp="2021-11-11T23:49:54 IST">
  <testcase classname="testng.crossbrowsertesting_FB_Login" name="tc_001_validateloginbutton" time="0.062"/>
  <testcase classname="testng.crossbrowsertesting_FB_Login" name="tc_002_loginfbapplication" time="0.428"/>
</testsuite> <!-- firfoxTestResults -->
