<?xml version="1.0" encoding="UTF-8"?>
<testng-results ignored="0" total="6" passed="6" failed="0" skipped="0">
  <reporter-output>
  </reporter-output>
  <suite started-at="2021-11-13T04:51:08 IST" name="cbt_Suite" finished-at="2021-11-13T04:52:08 IST" duration-ms="59928">
    <groups>
    </groups>
    <test started-at="2021-11-13T04:51:08 IST" name="chromeTestResult" finished-at="2021-11-13T04:51:16 IST" duration-ms="8668">
      <class name="testng.crossbrowsertesting_FB_Login">
        <test-method is-config="true" signature="beforeClass(java.lang.String)[pri:0, instance:testng.crossbrowsertesting_FB_Login@33990a0c]" started-at="2021-11-13T04:51:08 IST" name="beforeClass" finished-at="2021-11-13T04:51:16 IST" duration-ms="7939" status="PASS">
          <params>
            <param index="0">
              <value>
                <![CDATA[chrome]]>
              </value>
            </param>
          </params>
          <reporter-output>
          </reporter-output>
        </test-method> <!-- beforeClass -->
        <test-method signature="tc_001_validateloginbutton()[pri:0, instance:testng.crossbrowsertesting_FB_Login@33990a0c]" started-at="2021-11-13T04:51:16 IST" name="tc_001_validateloginbutton" finished-at="2021-11-13T04:51:16 IST" duration-ms="128" status="PASS">
          <reporter-output>
          </reporter-output>
        </test-method> <!-- tc_001_validateloginbutton -->
        <test-method signature="tc_002_loginfbapplication()[pri:0, instance:testng.crossbrowsertesting_FB_Login@33990a0c]" started-at="2021-11-13T04:51:16 IST" name="tc_002_loginfbapplication" finished-at="2021-11-13T04:51:16 IST" duration-ms="431" status="PASS">
          <reporter-output>
          </reporter-output>
        </test-method> <!-- tc_002_loginfbapplication -->
        <test-method is-config="true" signature="afterClass()[pri:0, instance:testng.crossbrowsertesting_FB_Login@33990a0c]" started-at="2021-11-13T04:51:16 IST" name="afterClass" finished-at="2021-11-13T04:51:16 IST" duration-ms="0" status="PASS">
          <reporter-output>
          </reporter-output>
        </test-method> <!-- afterClass -->
      </class> <!-- testng.crossbrowsertesting_FB_Login -->
    </test> <!-- chromeTestResult -->
    <test started-at="2021-11-13T04:51:16 IST" name="edgeTestResult" finished-at="2021-11-13T04:51:27 IST" duration-ms="10870">
      <class name="testng.crossbrowsertesting_FB_Login">
        <test-method is-config="true" signature="beforeClass(java.lang.String)[pri:0, instance:testng.crossbrowsertesting_FB_Login@2fb3536e]" started-at="2021-11-13T04:51:16 IST" name="beforeClass" finished-at="2021-11-13T04:51:27 IST" duration-ms="10284" status="PASS">
          <params>
            <param index="0">
              <value>
                <![CDATA[edge]]>
              </value>
            </param>
          </params>
          <reporter-output>
          </reporter-output>
        </test-method> <!-- beforeClass -->
        <test-method signature="tc_001_validateloginbutton()[pri:0, instance:testng.crossbrowsertesting_FB_Login@2fb3536e]" started-at="2021-11-13T04:51:27 IST" name="tc_001_validateloginbutton" finished-at="2021-11-13T04:51:27 IST" duration-ms="116" status="PASS">
          <reporter-output>
          </reporter-output>
        </test-method> <!-- tc_001_validateloginbutton -->
        <test-method signature="tc_002_loginfbapplication()[pri:0, instance:testng.crossbrowsertesting_FB_Login@2fb3536e]" started-at="2021-11-13T04:51:27 IST" name="tc_002_loginfbapplication" finished-at="2021-11-13T04:51:27 IST" duration-ms="459" status="PASS">
          <reporter-output>
          </reporter-output>
        </test-method> <!-- tc_002_loginfbapplication -->
        <test-method is-config="true" signature="afterClass()[pri:0, instance:testng.crossbrowsertesting_FB_Login@2fb3536e]" started-at="2021-11-13T04:51:27 IST" name="afterClass" finished-at="2021-11-13T04:51:27 IST" duration-ms="1" status="PASS">
          <reporter-output>
          </reporter-output>
        </test-method> <!-- afterClass -->
      </class> <!-- testng.crossbrowsertesting_FB_Login -->
    </test> <!-- edgeTestResult -->
    <test started-at="2021-11-13T04:51:27 IST" name="firefoxTestResult" finished-at="2021-11-13T04:52:08 IST" duration-ms="40235">
      <class name="testng.crossbrowsertesting_FB_Login">
        <test-method is-config="true" signature="beforeClass(java.lang.String)[pri:0, instance:testng.crossbrowsertesting_FB_Login@22ef9844]" started-at="2021-11-13T04:51:27 IST" name="beforeClass" finished-at="2021-11-13T04:52:01 IST" duration-ms="33358" status="PASS">
          <params>
            <param index="0">
              <value>
                <![CDATA[firefox]]>
              </value>
            </param>
          </params>
          <reporter-output>
          </reporter-output>
        </test-method> <!-- beforeClass -->
        <test-method signature="tc_001_validateloginbutton()[pri:0, instance:testng.crossbrowsertesting_FB_Login@22ef9844]" started-at="2021-11-13T04:52:01 IST" name="tc_001_validateloginbutton" finished-at="2021-11-13T04:52:01 IST" duration-ms="476" status="PASS">
          <reporter-output>
          </reporter-output>
        </test-method> <!-- tc_001_validateloginbutton -->
        <test-method signature="tc_002_loginfbapplication()[pri:0, instance:testng.crossbrowsertesting_FB_Login@22ef9844]" started-at="2021-11-13T04:52:01 IST" name="tc_002_loginfbapplication" finished-at="2021-11-13T04:52:08 IST" duration-ms="6385" status="PASS">
          <reporter-output>
          </reporter-output>
        </test-method> <!-- tc_002_loginfbapplication -->
        <test-method is-config="true" signature="afterClass()[pri:0, instance:testng.crossbrowsertesting_FB_Login@22ef9844]" started-at="2021-11-13T04:52:08 IST" name="afterClass" finished-at="2021-11-13T04:52:08 IST" duration-ms="0" status="PASS">
          <reporter-output>
          </reporter-output>
        </test-method> <!-- afterClass -->
      </class> <!-- testng.crossbrowsertesting_FB_Login -->
    </test> <!-- firefoxTestResult -->
  </suite> <!-- cbt_Suite -->
</testng-results>
